<?xml version="1.0" encoding="UTF-8"?>
<!-- Generated by org.testng.reporters.JUnitXMLReporter -->
<testsuite ignored="0" hostname="Akash" failures="0" tests="3" name="Finding Hospitals in PRACTO" time="377.182" errors="0" timestamp="2021-07-26T19:03:50 IST">
  <testcase classname="testCases.correctTestCase" name="submitForm" time="154.11"/>
  <testcase classname="testCases.emailWrongTestCase" name="submitForm" time="101.891"/>
  <testcase classname="testCases.phoneWrongTestCase" name="submitForm" time="120.39"/>
</testsuite> <!-- Finding Hospitals in PRACTO -->
