<?xml version="1.0" encoding="UTF-8"?>
<!-- Generated by org.testng.reporters.JUnitXMLReporter -->
<testsuite ignored="0" hostname="LAPTOP-N2S8MHML" failures="0" tests="3" name="Finding Hospitals in PRACTO" time="300.125" errors="0" timestamp="2021-07-22T10:47:09 IST">
  <testcase classname="testCases.correctTestCase" name="submitForm" time="136.04"/>
  <testcase classname="testCases.emailWrongTestCase" name="submitForm" time="76.342"/>
  <testcase classname="testCases.phoneWrongTestCase" name="submitForm" time="86.008"/>
</testsuite> <!-- Finding Hospitals in PRACTO -->
